TN:
SF:src\app.test.ts
FN:11,(anonymous_1)
FNF:1
FNH:1
FNDA:91,(anonymous_1)
DA:1,6
DA:2,6
DA:3,6
DA:4,6
DA:6,6
DA:7,6
DA:8,6
DA:11,6
DA:12,91
DA:13,91
DA:17,6
DA:20,6
DA:22,6
DA:24,6
LF:14
LH:14
BRF:0
BRH:0
end_of_record
TN:
SF:src\application\use-cases\appointment\CreateAppointment.usecase.ts
FN:12,(anonymous_0)
FN:21,(anonymous_1)
FNF:2
FNH:2
FNDA:8,(anonymous_0)
FNDA:8,(anonymous_1)
DA:7,6
DA:8,6
DA:11,6
DA:13,8
DA:14,8
DA:15,8
DA:16,8
DA:17,8
DA:18,8
DA:28,8
DA:29,8
DA:31,8
DA:32,1
DA:34,7
DA:35,1
DA:37,6
DA:38,6
DA:39,1
DA:42,5
DA:43,4
DA:45,3
DA:46,3
DA:48,2
DA:49,2
DA:51,2
DA:52,2
DA:54,2
DA:55,2
DA:56,1
DA:59,1
DA:68,1
DA:69,1
DA:71,1
LF:33
LH:33
BRDA:31,0,0,1
BRDA:31,1,0,8
BRDA:31,1,1,7
BRDA:34,2,0,1
BRDA:38,3,0,1
BRDA:38,4,0,6
BRDA:38,4,1,5
BRDA:43,5,0,1
BRDA:46,6,0,1
BRDA:49,7,0,0
BRDA:52,8,0,0
BRDA:55,9,0,1
BRF:12
BRH:10
end_of_record
TN:
SF:src\application\use-cases\appointment\DeleteAppointment.usecase.ts
FN:7,(anonymous_0)
FN:14,(anonymous_1)
FNF:2
FNH:2
FNDA:5,(anonymous_0)
FNDA:5,(anonymous_1)
DA:6,6
DA:8,5
DA:9,5
DA:10,5
DA:11,5
DA:15,5
DA:16,4
DA:18,3
DA:19,3
DA:21,2
DA:22,2
DA:24,2
DA:25,1
DA:28,1
LF:14
LH:14
BRDA:16,0,0,1
BRDA:19,1,0,1
BRDA:24,2,0,1
BRDA:24,3,0,2
BRDA:24,3,1,1
BRF:5
BRH:5
end_of_record
TN:
SF:src\application\use-cases\appointment\GetAppointments.usecase.ts
FN:8,(anonymous_0)
FN:15,(anonymous_1)
FNF:2
FNH:2
FNDA:4,(anonymous_0)
FNDA:4,(anonymous_1)
DA:7,6
DA:9,4
DA:10,4
DA:11,4
DA:12,4
DA:16,4
DA:17,3
DA:19,2
DA:24,2
DA:25,1
DA:28,1
LF:11
LH:11
BRDA:17,0,0,1
BRDA:24,1,0,1
BRDA:24,2,0,2
BRDA:24,2,1,1
BRF:4
BRH:4
end_of_record
TN:
SF:src\application\use-cases\healthcare\AssociateActToProfessional.usecase.ts
FN:6,(anonymous_0)
FN:12,(anonymous_1)
FNF:2
FNH:2
FNDA:4,(anonymous_0)
FNDA:4,(anonymous_1)
DA:5,6
DA:7,4
DA:8,4
DA:9,4
DA:13,4
DA:14,3
DA:16,2
DA:17,2
DA:19,1
LF:9
LH:9
BRDA:14,0,0,1
BRDA:17,1,0,1
BRF:2
BRH:2
end_of_record
TN:
SF:src\application\use-cases\healthcare\CreateHealthcareAct.usecase.ts
FN:5,(anonymous_0)
FN:7,(anonymous_1)
FNF:2
FNH:2
FNDA:3,(anonymous_0)
FNDA:3,(anonymous_1)
DA:4,6
DA:5,3
DA:8,3
DA:9,2
DA:11,1
LF:5
LH:5
BRDA:9,0,0,1
BRF:1
BRH:1
end_of_record
TN:
SF:src\application\use-cases\healthcare\GetAllHealthcareActs.usecase.ts
FN:5,(anonymous_0)
FN:7,(anonymous_1)
FNF:2
FNH:2
FNDA:2,(anonymous_0)
FNDA:2,(anonymous_1)
DA:4,6
DA:5,2
DA:8,2
LF:3
LH:3
BRF:0
BRH:0
end_of_record
TN:
SF:src\application\use-cases\healthcare\GetProfessionalActs.usecase.ts
FN:5,(anonymous_0)
FN:7,(anonymous_1)
FNF:2
FNH:2
FNDA:3,(anonymous_0)
FNDA:3,(anonymous_1)
DA:4,6
DA:5,3
DA:8,3
DA:9,2
DA:10,1
LF:5
LH:5
BRDA:9,0,0,1
BRDA:10,1,0,1
BRDA:10,1,1,0
BRF:3
BRH:2
end_of_record
TN:
SF:src\application\use-cases\healthcare\GetProfessionalsWithActs.usecase.ts
FN:5,(anonymous_0)
FN:7,(anonymous_1)
FNF:2
FNH:2
FNDA:3,(anonymous_0)
FNDA:3,(anonymous_1)
DA:4,6
DA:5,3
DA:8,3
LF:3
LH:3
BRF:0
BRH:0
end_of_record
TN:
SF:src\application\use-cases\healthcare\RemoveActFromProfessional.usecase.ts
FN:5,(anonymous_0)
FN:10,(anonymous_1)
FNF:2
FNH:2
FNDA:4,(anonymous_0)
FNDA:4,(anonymous_1)
DA:4,6
DA:6,4
DA:7,4
DA:11,4
DA:12,3
DA:14,2
DA:15,2
LF:7
LH:7
BRDA:12,0,0,1
BRDA:15,1,0,1
BRF:2
BRH:2
end_of_record
TN:
SF:src\application\use-cases\prescription\CreatePrescription.usecase.ts
FN:13,(anonymous_0)
FN:22,(anonymous_1)
FNF:2
FNH:2
FNDA:8,(anonymous_0)
FNDA:8,(anonymous_1)
DA:7,6
DA:8,6
DA:12,6
DA:14,8
DA:15,8
DA:16,8
DA:17,8
DA:18,8
DA:19,8
DA:30,8
DA:31,8
DA:33,7
DA:34,7
DA:35,1
DA:38,6
DA:39,6
DA:41,6
DA:42,0
DA:44,6
DA:45,0
DA:48,6
DA:49,5
DA:51,4
DA:52,4
DA:54,3
DA:55,3
DA:56,3
DA:57,2
DA:58,1
DA:62,1
DA:69,1
DA:70,1
DA:78,1
LF:33
LH:31
BRDA:31,0,0,1
BRDA:33,1,0,7
BRDA:33,1,1,0
BRDA:34,2,0,1
BRDA:41,3,0,0
BRDA:41,4,0,6
BRDA:41,4,1,6
BRDA:44,5,0,0
BRDA:49,6,0,1
BRDA:52,7,0,1
BRDA:56,8,0,1
BRDA:57,9,0,1
BRDA:57,10,0,2
BRDA:57,10,1,2
BRF:14
BRH:11
end_of_record
TN:
SF:src\application\use-cases\prescription\GetPatientPrescriptions.usecase.ts
FN:6,(anonymous_0)
FN:11,(anonymous_1)
FNF:2
FNH:2
FNDA:3,(anonymous_0)
FNDA:3,(anonymous_1)
DA:5,6
DA:7,3
DA:8,3
DA:12,3
DA:13,2
DA:15,1
LF:6
LH:6
BRDA:13,0,0,1
BRF:1
BRH:1
end_of_record
TN:
SF:src\application\use-cases\prescription\GetProfessionalPrescriptions.usecase.ts
FN:6,(anonymous_0)
FN:11,(anonymous_1)
FN:15,(anonymous_2)
FNF:3
FNH:3
FNDA:3,(anonymous_0)
FNDA:3,(anonymous_1)
FNDA:1,(anonymous_2)
DA:5,6
DA:7,3
DA:8,3
DA:12,3
DA:13,2
DA:15,1
DA:16,1
DA:17,0
DA:20,1
LF:9
LH:8
BRDA:13,0,0,1
BRDA:16,1,0,0
BRDA:16,2,0,1
BRDA:16,2,1,1
BRF:4
BRH:3
end_of_record
TN:
SF:src\application\use-cases\qrcode\GenerateQrCode.usecase.ts
FN:7,(anonymous_1)
FN:9,(anonymous_2)
FN:29,(anonymous_3)
FNF:3
FNH:3
FNDA:8,(anonymous_1)
FNDA:8,(anonymous_2)
FNDA:1,(anonymous_3)
DA:1,6
DA:2,6
DA:4,6
DA:6,6
DA:7,8
DA:10,8
DA:11,7
DA:13,6
DA:14,1
DA:16,5
DA:17,1
DA:19,4
DA:20,1
DA:23,3
DA:24,3
DA:25,1
DA:28,2
DA:29,1
DA:31,2
DA:32,1
DA:35,1
DA:36,1
DA:38,1
DA:40,1
DA:41,1
DA:42,1
DA:44,1
LF:27
LH:27
BRDA:11,0,0,1
BRDA:13,1,0,1
BRDA:16,2,0,1
BRDA:19,3,0,1
BRDA:24,4,0,1
BRDA:24,5,0,3
BRDA:24,5,1,3
BRDA:31,6,0,1
BRDA:31,7,0,2
BRDA:31,7,1,2
BRDA:40,8,0,0
BRDA:40,8,1,1
BRF:12
BRH:11
end_of_record
TN:
SF:src\application\use-cases\qrcode\ValidateQrCode.usecase.ts
FN:6,(anonymous_0)
FN:11,(anonymous_1)
FN:42,(anonymous_2)
FNF:3
FNH:3
FNDA:4,(anonymous_0)
FNDA:4,(anonymous_1)
FNDA:2,(anonymous_2)
DA:3,6
DA:5,6
DA:7,4
DA:8,4
DA:16,4
DA:17,3
DA:19,3
DA:23,0
DA:25,3
DA:26,0
DA:29,3
DA:35,1
DA:38,2
DA:39,2
DA:41,2
DA:42,2
DA:44,2
DA:45,1
DA:48,1
DA:50,1
DA:51,1
LF:21
LH:19
BRDA:17,0,0,0
BRDA:19,1,0,0
BRDA:20,2,0,3
BRDA:20,2,1,3
BRDA:20,2,2,3
BRDA:25,3,0,0
BRDA:29,4,0,1
BRDA:30,5,0,3
BRDA:30,5,1,3
BRDA:30,5,2,2
BRDA:30,5,3,2
BRDA:39,6,0,0
BRDA:44,7,0,1
BRDA:44,8,0,2
BRDA:44,8,1,2
BRF:15
BRH:11
end_of_record
TN:
SF:src\application\use-cases\register\CreateUser.usecase.ts
FN:7,(anonymous_0)
FN:9,(anonymous_1)
FNF:2
FNH:2
FNDA:4,(anonymous_0)
FNDA:4,(anonymous_1)
DA:2,6
DA:3,6
DA:6,6
DA:7,4
DA:15,4
DA:16,4
DA:17,0
DA:20,4
DA:21,3
DA:23,2
DA:24,2
DA:26,1
LF:12
LH:11
BRDA:16,0,0,0
BRDA:21,1,0,1
BRDA:24,2,0,1
BRF:3
BRH:2
end_of_record
TN:
SF:src\application\use-cases\register\GetCurrentUser.usecase.ts
FN:5,(anonymous_0)
FN:7,(anonymous_1)
FNF:2
FNH:2
FNDA:3,(anonymous_0)
FNDA:3,(anonymous_1)
DA:4,6
DA:5,3
DA:8,3
DA:9,2
DA:10,1
LF:5
LH:5
BRDA:9,0,0,1
BRF:1
BRH:1
end_of_record
TN:
SF:src\application\use-cases\register\RegisterHealthcareProfessional.usecase.ts
FN:9,(anonymous_0)
FN:14,(anonymous_1)
FNF:2
FNH:2
FNDA:6,(anonymous_0)
FNDA:6,(anonymous_1)
DA:3,6
DA:4,6
DA:5,6
DA:8,6
DA:10,6
DA:11,6
DA:20,6
DA:21,1
DA:24,5
DA:25,4
DA:27,3
DA:28,3
DA:30,2
DA:37,2
DA:38,2
DA:40,2
DA:41,1
DA:44,2
LF:18
LH:18
BRDA:20,0,0,1
BRDA:25,1,0,1
BRDA:28,2,0,1
BRDA:40,3,0,1
BRF:4
BRH:4
end_of_record
TN:
SF:src\application\use-cases\register\RegisterPatient.usecase.ts
FN:8,(anonymous_0)
FN:13,(anonymous_1)
FNF:2
FNH:2
FNDA:4,(anonymous_0)
FNDA:4,(anonymous_1)
DA:3,6
DA:4,6
DA:7,6
DA:9,4
DA:10,4
DA:21,4
DA:22,3
DA:24,2
DA:25,2
DA:27,1
DA:36,1
DA:38,1
LF:12
LH:12
BRDA:22,0,0,1
BRDA:25,1,0,1
BRDA:31,2,0,1
BRDA:31,2,1,0
BRF:4
BRH:3
end_of_record
TN:
SF:src\application\use-cases\structure\GetStructures.usecase.ts
FN:5,(anonymous_0)
FN:7,(anonymous_1)
FNF:2
FNH:2
FNDA:2,(anonymous_0)
FNDA:2,(anonymous_1)
DA:4,6
DA:5,2
DA:8,2
LF:3
LH:3
BRF:0
BRH:0
end_of_record
TN:
SF:src\infrastructure\container.ts
FNF:0
FNH:0
DA:1,6
DA:2,6
DA:3,6
DA:4,6
DA:5,6
DA:6,6
DA:7,6
DA:8,6
DA:9,6
DA:11,6
DA:12,6
DA:13,6
DA:14,6
DA:15,6
DA:16,6
DA:17,6
DA:18,6
DA:19,6
LF:18
LH:18
BRF:0
BRH:0
end_of_record
TN:
SF:src\infrastructure\config\database.ts
FNF:0
FNH:0
DA:1,36
DA:2,36
DA:4,36
DA:6,36
DA:7,36
DA:8,36
DA:9,36
DA:10,36
DA:12,36
DA:19,36
LF:10
LH:10
BRDA:6,0,0,36
BRDA:6,0,1,36
BRDA:6,0,2,36
BRDA:7,1,0,36
BRDA:7,1,1,36
BRDA:7,1,2,36
BRDA:8,2,0,36
BRDA:8,2,1,36
BRDA:8,2,2,36
BRDA:9,3,0,36
BRDA:9,3,1,36
BRDA:10,4,0,36
BRDA:10,4,1,36
BRF:13
BRH:13
end_of_record
TN:
SF:src\infrastructure\database\models\Appointment.model.ts
FNF:0
FNH:0
DA:1,6
DA:2,6
DA:3,6
DA:19,6
DA:66,6
LF:5
LH:5
BRF:0
BRH:0
end_of_record
TN:
SF:src\infrastructure\database\models\HealthcareAct.model.ts
FNF:0
FNH:0
DA:1,6
DA:2,6
DA:20,6
DA:48,6
LF:4
LH:4
BRF:0
BRH:0
end_of_record
TN:
SF:src\infrastructure\database\models\HealthcareProfessional.model.ts
FNF:0
FNH:0
DA:1,6
DA:2,6
DA:4,6
DA:7,6
DA:26,6
DA:57,6
LF:6
LH:6
BRF:0
BRH:0
end_of_record
TN:
SF:src\infrastructure\database\models\HealthcareProfessionalHealthcareAct.model.ts
FNF:0
FNH:0
DA:1,6
DA:2,6
DA:6,6
DA:26,6
LF:4
LH:4
BRF:0
BRH:0
end_of_record
TN:
SF:src\infrastructure\database\models\Patient.model.ts
FNF:0
FNH:0
DA:1,6
DA:2,6
DA:17,6
DA:57,6
LF:4
LH:4
BRF:0
BRH:0
end_of_record
TN:
SF:src\infrastructure\database\models\Prescription.model.ts
FNF:0
FNH:0
DA:1,6
DA:2,6
DA:6,6
DA:17,6
LF:4
LH:4
BRF:0
BRH:0
end_of_record
TN:
SF:src\infrastructure\database\models\PrescriptionHealthcareAct.model.ts
FNF:0
FNH:0
DA:1,6
DA:2,6
DA:8,6
DA:22,6
LF:4
LH:4
BRF:0
BRH:0
end_of_record
TN:
SF:src\infrastructure\database\models\Structure.model.ts
FNF:0
FNH:0
DA:1,6
DA:2,6
DA:4,6
DA:10,6
LF:4
LH:4
BRF:0
BRH:0
end_of_record
TN:
SF:src\infrastructure\database\models\User.model.ts
FNF:0
FNH:0
DA:1,6
DA:2,6
DA:6,6
DA:17,6
LF:4
LH:4
BRF:0
BRH:0
end_of_record
TN:
SF:src\infrastructure\database\repositories\AppointmentRepository.ts
FN:6,(anonymous_1)
FN:17,(anonymous_2)
FN:21,(anonymous_3)
FN:32,(anonymous_4)
FNF:4
FNH:4
FNDA:1,(anonymous_1)
FNDA:5,(anonymous_2)
FNDA:1,(anonymous_3)
FNDA:1,(anonymous_4)
DA:1,6
DA:3,6
DA:5,6
DA:7,1
DA:8,1
DA:9,1
DA:11,1
DA:18,5
DA:29,1
DA:33,1
LF:10
LH:10
BRDA:8,0,0,1
BRDA:9,1,0,0
BRF:2
BRH:1
end_of_record
TN:
SF:src\infrastructure\database\repositories\HealthcareActRepository.ts
FN:5,(anonymous_1)
FN:9,(anonymous_2)
FN:13,(anonymous_3)
FN:17,(anonymous_4)
FN:21,(anonymous_5)
FNF:5
FNH:5
FNDA:2,(anonymous_1)
FNDA:4,(anonymous_2)
FNDA:3,(anonymous_3)
FNDA:3,(anonymous_4)
FNDA:1,(anonymous_5)
DA:1,6
DA:4,6
DA:6,2
DA:10,4
DA:14,3
DA:18,3
DA:22,1
LF:7
LH:7
BRDA:24,0,0,1
BRDA:24,0,1,0
BRF:2
BRH:1
end_of_record
TN:
SF:src\infrastructure\database\repositories\HealthcareProfessionalHealthcareActRepository.ts
FN:5,(anonymous_1)
FN:11,(anonymous_2)
FN:15,(anonymous_3)
FNF:3
FNH:3
FNDA:2,(anonymous_1)
FNDA:1,(anonymous_2)
FNDA:2,(anonymous_3)
DA:1,6
DA:4,6
DA:6,2
DA:12,1
DA:16,2
LF:5
LH:5
BRF:0
BRH:0
end_of_record
TN:
SF:src\infrastructure\database\repositories\HealthcareProfessionalRepository.ts
FN:7,(anonymous_1)
FN:11,(anonymous_2)
FN:15,(anonymous_3)
FN:22,(anonymous_4)
FN:29,(anonymous_5)
FN:33,(anonymous_6)
FNF:6
FNH:6
FNDA:4,(anonymous_1)
FNDA:18,(anonymous_2)
FNDA:5,(anonymous_3)
FNDA:3,(anonymous_4)
FNDA:3,(anonymous_5)
FNDA:2,(anonymous_6)
DA:1,6
DA:2,6
DA:3,6
DA:6,6
DA:8,4
DA:12,18
DA:16,5
DA:23,3
DA:30,3
DA:34,2
LF:10
LH:10
BRF:0
BRH:0
end_of_record
TN:
SF:src\infrastructure\database\repositories\PatientRepository.ts
FN:5,(anonymous_1)
FN:9,(anonymous_2)
FN:13,(anonymous_3)
FN:17,(anonymous_4)
FNF:4
FNH:4
FNDA:5,(anonymous_1)
FNDA:7,(anonymous_2)
FNDA:8,(anonymous_3)
FNDA:1,(anonymous_4)
DA:1,6
DA:4,6
DA:6,5
DA:10,7
DA:14,8
DA:25,1
LF:6
LH:6
BRF:0
BRH:0
end_of_record
TN:
SF:src\infrastructure\database\repositories\PrescriptionHealthcareActRepository.ts
FN:10,(anonymous_1)
FN:14,(anonymous_2)
FN:26,(anonymous_3)
FN:38,(anonymous_4)
FNF:4
FNH:4
FNDA:2,(anonymous_1)
FNDA:8,(anonymous_2)
FNDA:4,(anonymous_3)
FNDA:1,(anonymous_4)
DA:1,6
DA:2,6
DA:3,6
DA:4,6
DA:5,6
DA:6,6
DA:9,6
DA:11,2
DA:15,8
DA:27,4
DA:44,1
LF:11
LH:11
BRF:0
BRH:0
end_of_record
TN:
SF:src\infrastructure\database\repositories\PrescriptionRepository.ts
FN:11,(anonymous_1)
FN:20,(anonymous_2)
FN:27,(anonymous_3)
FNF:3
FNH:3
FNDA:1,(anonymous_1)
FNDA:1,(anonymous_2)
FNDA:1,(anonymous_3)
DA:1,6
DA:2,6
DA:3,6
DA:4,6
DA:5,6
DA:6,6
DA:8,6
DA:10,6
DA:17,1
DA:21,1
DA:28,1
LF:11
LH:11
BRF:0
BRH:0
end_of_record
TN:
SF:src\infrastructure\database\repositories\StructureRepository.ts
FN:5,(anonymous_0)
FNF:1
FNH:1
FNDA:2,(anonymous_0)
DA:1,6
DA:4,6
DA:6,2
LF:3
LH:3
BRF:0
BRH:0
end_of_record
TN:
SF:src\infrastructure\database\repositories\UserRepository.ts
FN:8,(anonymous_1)
FN:12,(anonymous_2)
FN:16,(anonymous_3)
FN:25,(anonymous_4)
FN:29,(anonymous_5)
FNF:5
FNH:5
FNDA:12,(anonymous_1)
FNDA:7,(anonymous_2)
FNDA:12,(anonymous_3)
FNDA:2,(anonymous_4)
FNDA:1,(anonymous_5)
DA:1,6
DA:2,6
DA:3,6
DA:4,6
DA:7,6
DA:9,12
DA:13,7
DA:17,12
DA:26,2
DA:30,1
LF:10
LH:10
BRF:0
BRH:0
end_of_record
TN:
SF:src\interfaces\http\controllers\appointment.controller.ts
FN:10,(anonymous_1)
FN:21,(anonymous_2)
FN:36,(anonymous_3)
FNF:3
FNH:3
FNDA:4,(anonymous_1)
FNDA:9,(anonymous_2)
FNDA:6,(anonymous_3)
DA:1,6
DA:2,6
DA:3,6
DA:4,6
DA:5,6
DA:6,6
DA:8,6
DA:10,6
DA:11,4
DA:12,4
DA:14,1
DA:16,3
DA:17,1
DA:21,6
DA:22,9
DA:23,9
DA:24,9
DA:25,1
DA:27,8
DA:29,1
DA:31,7
DA:32,1
DA:36,6
DA:37,6
DA:38,6
DA:39,1
DA:41,5
DA:42,5
DA:44,1
DA:46,4
DA:47,1
DA:51,6
LF:32
LH:32
BRDA:16,0,0,2
BRDA:24,1,0,1
BRDA:24,2,0,9
BRDA:24,2,1,8
BRDA:24,2,2,8
BRDA:24,2,3,8
BRDA:31,3,0,6
BRDA:38,4,0,1
BRDA:38,5,0,6
BRDA:38,5,1,5
BRDA:46,6,0,3
BRF:11
BRH:11
end_of_record
TN:
SF:src\interfaces\http\controllers\healthcare.controller.ts
FN:17,(anonymous_1)
FN:27,(anonymous_2)
FN:36,(anonymous_3)
FN:46,(anonymous_4)
FN:63,(anonymous_5)
FN:78,(anonymous_6)
FNF:6
FNH:6
FNDA:3,(anonymous_1)
FNDA:2,(anonymous_2)
FNDA:3,(anonymous_3)
FNDA:5,(anonymous_4)
FNDA:5,(anonymous_5)
FNDA:5,(anonymous_6)
DA:1,6
DA:2,6
DA:3,6
DA:4,6
DA:5,6
DA:6,6
DA:7,6
DA:8,6
DA:9,6
DA:15,6
DA:17,6
DA:18,3
DA:19,3
DA:20,2
DA:22,1
DA:23,1
DA:27,6
DA:28,2
DA:29,2
DA:30,1
DA:32,1
DA:36,6
DA:37,3
DA:38,3
DA:39,1
DA:41,2
DA:42,1
DA:46,6
DA:47,5
DA:48,5
DA:49,1
DA:51,4
DA:52,1
DA:54,3
DA:55,3
DA:56,1
DA:58,2
DA:59,1
DA:63,6
DA:64,5
DA:65,5
DA:66,1
DA:68,4
DA:69,4
DA:71,1
DA:73,3
DA:74,1
DA:78,6
DA:79,5
DA:80,5
DA:81,4
DA:82,4
DA:84,1
DA:86,3
DA:87,1
DA:91,6
LF:56
LH:56
BRDA:22,0,0,0
BRDA:41,1,0,1
BRDA:48,2,0,1
BRDA:48,3,0,5
BRDA:48,3,1,4
BRDA:48,3,2,4
BRDA:51,4,0,1
BRDA:51,5,0,4
BRDA:51,5,1,4
BRDA:58,6,0,1
BRDA:65,7,0,1
BRDA:65,8,0,5
BRDA:65,8,1,5
BRDA:73,9,0,2
BRDA:80,10,0,1
BRDA:86,11,0,2
BRF:16
BRH:15
end_of_record
TN:
SF:src\interfaces\http\controllers\prescription.controller.ts
FN:10,(anonymous_1)
FN:25,(anonymous_2)
FN:36,(anonymous_3)
FNF:3
FNH:3
FNDA:9,(anonymous_1)
FNDA:3,(anonymous_2)
FNDA:3,(anonymous_3)
DA:1,6
DA:2,6
DA:3,6
DA:4,6
DA:5,6
DA:6,6
DA:8,6
DA:10,6
DA:11,9
DA:12,9
DA:13,9
DA:14,1
DA:16,8
DA:18,1
DA:20,7
DA:21,1
DA:25,6
DA:26,3
DA:27,3
DA:28,3
DA:29,1
DA:31,2
DA:32,1
DA:36,6
DA:37,3
DA:38,3
DA:39,3
DA:40,1
DA:42,2
DA:43,1
DA:47,6
LF:31
LH:31
BRDA:13,0,0,1
BRDA:13,1,0,9
BRDA:13,1,1,8
BRDA:13,1,2,8
BRDA:13,1,3,8
BRDA:13,1,4,8
BRDA:20,2,0,6
BRDA:26,3,0,0
BRDA:31,4,0,1
BRDA:37,5,0,0
BRDA:42,6,0,1
BRF:11
BRH:9
end_of_record
TN:
SF:src\interfaces\http\controllers\qrcode.controller.ts
FN:9,(anonymous_0)
FN:20,(anonymous_1)
FNF:2
FNH:2
FNDA:8,(anonymous_0)
FNDA:4,(anonymous_1)
DA:1,6
DA:2,6
DA:3,6
DA:4,6
DA:5,6
DA:7,6
DA:9,6
DA:10,8
DA:11,8
DA:12,8
DA:13,1
DA:15,7
DA:16,1
DA:20,6
DA:21,4
DA:22,4
DA:23,4
DA:24,4
DA:25,4
DA:26,1
DA:28,3
DA:29,1
DA:33,6
LF:23
LH:23
BRDA:15,0,0,6
BRDA:28,1,0,2
BRF:2
BRH:2
end_of_record
TN:
SF:src\interfaces\http\controllers\register.controller.ts
FN:11,(anonymous_1)
FN:21,(anonymous_2)
FN:35,(anonymous_3)
FN:51,(anonymous_4)
FNF:4
FNH:4
FNDA:3,(anonymous_1)
FNDA:5,(anonymous_2)
FNDA:5,(anonymous_3)
FNDA:7,(anonymous_4)
DA:1,6
DA:2,6
DA:3,6
DA:4,6
DA:5,6
DA:6,6
DA:7,6
DA:9,6
DA:11,6
DA:12,3
DA:13,3
DA:14,1
DA:16,2
DA:17,1
DA:21,6
DA:22,5
DA:23,5
DA:24,5
DA:25,1
DA:27,4
DA:28,1
DA:30,3
DA:31,1
DA:35,6
DA:36,5
DA:37,5
DA:38,5
DA:39,1
DA:41,4
DA:44,1
DA:46,3
DA:47,1
DA:51,6
DA:52,7
DA:53,7
DA:54,7
DA:55,1
DA:57,6
DA:60,2
DA:62,4
DA:63,1
DA:67,6
LF:42
LH:42
BRDA:16,0,0,1
BRDA:24,1,0,1
BRDA:24,2,0,5
BRDA:24,2,1,4
BRDA:24,2,2,4
BRDA:30,3,0,2
BRDA:38,4,0,1
BRDA:38,5,0,5
BRDA:38,5,1,4
BRDA:38,5,2,4
BRDA:38,5,3,4
BRDA:38,5,4,4
BRDA:38,5,5,4
BRDA:46,6,0,2
BRDA:54,7,0,1
BRDA:54,8,0,7
BRDA:54,8,1,6
BRDA:54,8,2,6
BRDA:62,9,0,3
BRF:19
BRH:19
end_of_record
TN:
SF:src\interfaces\http\controllers\structure.controller.ts
FN:8,(anonymous_1)
FNF:1
FNH:1
FNDA:2,(anonymous_1)
DA:1,6
DA:2,6
DA:3,6
DA:4,6
DA:6,6
DA:8,6
DA:9,2
DA:10,2
DA:11,1
DA:13,1
DA:17,6
LF:11
LH:11
BRF:0
BRH:0
end_of_record
TN:
SF:src\interfaces\http\routes\index.ts
FNF:0
FNH:0
DA:1,6
DA:2,6
DA:3,6
DA:4,6
DA:5,6
DA:6,6
DA:7,6
DA:9,6
DA:11,6
DA:12,6
DA:13,6
DA:14,6
DA:15,6
DA:16,6
DA:18,6
LF:15
LH:15
BRF:0
BRH:0
end_of_record
TN:
SF:src\shared\enums\appointment-status.enum.ts
FN:1,(anonymous_0)
FNF:1
FNH:1
FNDA:9,(anonymous_0)
DA:1,9
DA:2,9
DA:3,9
DA:4,9
LF:4
LH:4
BRDA:1,0,0,9
BRDA:1,0,1,9
BRF:2
BRH:2
end_of_record
TN:
SF:src\shared\enums\prescription-status.enum.ts
FN:1,(anonymous_0)
FNF:1
FNH:1
FNDA:6,(anonymous_0)
DA:1,6
DA:2,6
DA:3,6
DA:4,6
DA:5,6
LF:5
LH:5
BRDA:1,0,0,6
BRDA:1,0,1,6
BRF:2
BRH:2
end_of_record
TN:
SF:src\shared\enums\roles.enum.ts
FN:1,(anonymous_0)
FNF:1
FNH:1
FNDA:6,(anonymous_0)
DA:1,6
DA:2,6
DA:3,6
DA:4,6
DA:5,6
DA:6,6
DA:7,6
LF:7
LH:7
BRDA:1,0,0,6
BRDA:1,0,1,6
BRF:2
BRH:2
end_of_record
TN:
SF:src\shared\enums\speciality.enum.ts
FN:1,(anonymous_0)
FNF:1
FNH:1
FNDA:11,(anonymous_0)
DA:1,11
DA:2,11
DA:3,11
LF:3
LH:3
BRDA:1,0,0,11
BRDA:1,0,1,11
BRF:2
BRH:2
end_of_record
TN:
SF:src\shared\helpers\join-roles.helper.ts
FN:3,joinRoles
FNF:1
FNH:1
FNDA:1,joinRoles
DA:3,6
DA:4,1
LF:2
LH:2
BRF:0
BRH:0
end_of_record
TN:
SF:src\shared\helpers\server-error.helper.ts
FN:1,serverError
FNF:1
FNH:1
FNDA:19,serverError
DA:1,6
DA:2,19
DA:3,0
DA:4,0
DA:6,19
LF:5
LH:3
BRDA:2,0,0,0
BRDA:3,1,0,0
BRDA:3,1,1,0
BRF:3
BRH:0
end_of_record
TN:
SF:src\shared\helpers\user-roles.helper.ts
FN:4,addUserRole
FN:14,removeUserRole
FN:19,(anonymous_2)
FNF:3
FNH:0
FNDA:0,addUserRole
FNDA:0,removeUserRole
FNDA:0,(anonymous_2)
DA:4,6
DA:5,0
DA:7,0
DA:9,0
DA:10,0
DA:11,0
DA:14,6
DA:15,0
DA:17,0
DA:19,0
DA:20,0
DA:21,0
LF:12
LH:2
BRDA:5,0,0,0
BRDA:5,0,1,0
BRDA:7,1,0,0
BRDA:15,2,0,0
BRDA:15,2,1,0
BRDA:17,3,0,0
BRF:6
BRH:0
end_of_record
TN:
SF:src\tests\resources\constantes.ts
FNF:0
FNH:0
DA:1,1
LF:1
LH:1
BRF:0
BRH:0
end_of_record
